# JRE version: Java(TM) SE Runtime Environment (8.0_151-b12) (build 1.8.0_151-b12)
# Java VM: Java HotSpot(TM) 64-Bit Server VM (25.151-b12 mixed mode linux-amd64 compressed oops)
Heap:
 PSYoungGen      total 305664K, used 108452K [0x00000000eab00000, 0x0000000100000000, 0x0000000100000000)
  eden space 262144K, 34% used [0x00000000eab00000,0x00000000f0292320,0x00000000fab00000)
  from space 43520K, 43% used [0x00000000fd580000,0x00000000fe7d7088,0x0000000100000000)
  to   space 43520K, 0% used [0x00000000fab00000,0x00000000fab00000,0x00000000fd580000)
 ParOldGen       total 699392K, used 36303K [0x00000000c0000000, 0x00000000eab00000, 0x00000000eab00000)
  object space 699392K, 5% used [0x00000000c0000000,0x00000000c2373ca0,0x00000000eab00000)
 Metaspace       used 86539K, capacity 95707K, committed 95744K, reserved 1132544K
  class space    used 12002K, capacity 12538K, committed 12544K, reserved 1048576K
GC Heap History (10 events):
Event: 9.281 GC heap before
{Heap before GC invocations=7 (full 3):
 PSYoungGen      total 305664K, used 197558K [0x00000000eab00000, 0x0000000100000000, 0x0000000100000000)
  eden space 262144K, 75% used [0x00000000eab00000,0x00000000f6bed9f8,0x00000000fab00000)
  from space 43520K, 0% used [0x00000000fab00000,0x00000000fab00000,0x00000000fd580000)
  to   space 43520K, 0% used [0x00000000fd580000,0x00000000fd580000,0x0000000100000000)
 ParOldGen       total 699392K, used 42159K [0x00000000c0000000, 0x00000000eab00000, 0x00000000eab00000)
  object space 699392K, 6% used [0x00000000c0000000,0x00000000c292bc68,0x00000000eab00000)
 Metaspace       used 64874K, capacity 72443K, committed 72704K, reserved 1112064K
  class space    used 9178K, capacity 9612K, committed 9728K, reserved 1048576K
Event: 9.292 GC heap after
Heap after GC invocations=7 (full 3):
 PSYoungGen      total 305664K, used 11680K [0x00000000eab00000, 0x0000000100000000, 0x0000000100000000)
  eden space 262144K, 0% used [0x00000000eab00000,0x00000000eab00000,0x00000000fab00000)
  from space 43520K, 26% used [0x00000000fd580000,0x00000000fe0e83a8,0x0000000100000000)
  to   space 43520K, 0% used [0x00000000fab00000,0x00000000fab00000,0x00000000fd580000)
 ParOldGen       total 699392K, used 42167K [0x00000000c0000000, 0x00000000eab00000, 0x00000000eab00000)
  object space 699392K, 6% used [0x00000000c0000000,0x00000000c292dc68,0x00000000eab00000)
 Metaspace       used 64874K, capacity 72443K, committed 72704K, reserved 1112064K
  class space    used 9178K, capacity 9612K, committed 9728K, reserved 1048576K
}
Event: 9.292 GC heap before
{Heap before GC invocations=8 (full 4):
 PSYoungGen      total 305664K, used 11680K [0x00000000eab00000, 0x0000000100000000, 0x0000000100000000)
  eden space 262144K, 0% used [0x00000000eab00000,0x00000000eab00000,0x00000000fab00000)
  from space 43520K, 26% used [0x00000000fd580000,0x00000000fe0e83a8,0x0000000100000000)
  to   space 43520K, 0% used [0x00000000fab00000,0x00000000fab00000,0x00000000fd580000)
 ParOldGen       total 699392K, used 42167K [0x00000000c0000000, 0x00000000eab00000, 0x00000000eab00000)
  object space 699392K, 6% used [0x00000000c0000000,0x00000000c292dc68,0x00000000eab00000)
 Metaspace       used 64874K, capacity 72443K, committed 72704K, reserved 1112064K
  class space    used 9178K, capacity 9612K, committed 9728K, reserved 1048576K
Event: 9.457 GC heap after
Heap after GC invocations=8 (full 4):
 PSYoungGen      total 305664K, used 0K [0x00000000eab00000, 0x0000000100000000, 0x0000000100000000)
  eden space 262144K, 0% used [0x00000000eab00000,0x00000000eab00000,0x00000000fab00000)
  from space 43520K, 0% used [0x00000000fd580000,0x00000000fd580000,0x0000000100000000)
  to   space 43520K, 0% used [0x00000000fab00000,0x00000000fab00000,0x00000000fd580000)
 ParOldGen       total 699392K, used 41651K [0x00000000c0000000, 0x00000000eab00000, 0x00000000eab00000)
  object space 699392K, 5% used [0x00000000c0000000,0x00000000c28acea0,0x00000000eab00000)
 Metaspace       used 64794K, capacity 72275K, committed 72704K, reserved 1112064K
  class space    used 9151K, capacity 9581K, committed 9728K, reserved 1048576K
}
Event: 9.469 GC heap before
{Heap before GC invocations=9 (full 4):
 PSYoungGen      total 305664K, used 10284K [0x00000000eab00000, 0x0000000100000000, 0x0000000100000000)
  eden space 262144K, 3% used [0x00000000eab00000,0x00000000eb50b060,0x00000000fab00000)
  from space 43520K, 0% used [0x00000000fd580000,0x00000000fd580000,0x0000000100000000)
  to   space 43520K, 0% used [0x00000000fab00000,0x00000000fab00000,0x00000000fd580000)
 ParOldGen       total 699392K, used 41651K [0x00000000c0000000, 0x00000000eab00000, 0x00000000eab00000)
  object space 699392K, 5% used [0x00000000c0000000,0x00000000c28acea0,0x00000000eab00000)
 Metaspace       used 64798K, capacity 72281K, committed 72704K, reserved 1112064K
  class space    used 9153K, capacity 9582K, committed 9728K, reserved 1048576K
Event: 9.470 GC heap after
Heap after GC invocations=9 (full 4):
 PSYoungGen      total 305664K, used 128K [0x00000000eab00000, 0x0000000100000000, 0x0000000100000000)
  eden space 262144K, 0% used [0x00000000eab00000,0x00000000eab00000,0x00000000fab00000)
  from space 43520K, 0% used [0x00000000fab00000,0x00000000fab20000,0x00000000fd580000)
  to   space 43520K, 0% used [0x00000000fd580000,0x00000000fd580000,0x0000000100000000)
 ParOldGen       total 699392K, used 41651K [0x00000000c0000000, 0x00000000eab00000, 0x00000000eab00000)
  object space 699392K, 5% used [0x00000000c0000000,0x00000000c28acea0,0x00000000eab00000)
 Metaspace       used 64798K, capacity 72281K, committed 72704K, reserved 1112064K
  class space    used 9153K, capacity 9582K, committed 9728K, reserved 1048576K
}
Event: 9.470 GC heap before
{Heap before GC invocations=10 (full 5):
 PSYoungGen      total 305664K, used 128K [0x00000000eab00000, 0x0000000100000000, 0x0000000100000000)
  eden space 262144K, 0% used [0x00000000eab00000,0x00000000eab00000,0x00000000fab00000)
  from space 43520K, 0% used [0x00000000fab00000,0x00000000fab20000,0x00000000fd580000)
  to   space 43520K, 0% used [0x00000000fd580000,0x00000000fd580000,0x0000000100000000)
 ParOldGen       total 699392K, used 41651K [0x00000000c0000000, 0x00000000eab00000, 0x00000000eab00000)
  object space 699392K, 5% used [0x00000000c0000000,0x00000000c28acea0,0x00000000eab00000)
 Metaspace       used 64798K, capacity 72281K, committed 72704K, reserved 1112064K
  class space    used 9153K, capacity 9582K, committed 9728K, reserved 1048576K
Event: 9.578 GC heap after
Heap after GC invocations=10 (full 5):
 PSYoungGen      total 305664K, used 0K [0x00000000eab00000, 0x0000000100000000, 0x0000000100000000)
  eden space 262144K, 0% used [0x00000000eab00000,0x00000000eab00000,0x00000000fab00000)
  from space 43520K, 0% used [0x00000000fab00000,0x00000000fab00000,0x00000000fd580000)
  to   space 43520K, 0% used [0x00000000fd580000,0x00000000fd580000,0x0000000100000000)
 ParOldGen       total 699392K, used 36295K [0x00000000c0000000, 0x00000000eab00000, 0x00000000eab00000)
  object space 699392K, 5% used [0x00000000c0000000,0x00000000c2371ca0,0x00000000eab00000)
 Metaspace       used 64798K, capacity 72281K, committed 72704K, reserved 1112064K
  class space    used 9153K, capacity 9582K, committed 9728K, reserved 1048576K
}
Event: 11.126 GC heap before
{Heap before GC invocations=11 (full 5):
 PSYoungGen      total 305664K, used 262144K [0x00000000eab00000, 0x0000000100000000, 0x0000000100000000)
  eden space 262144K, 100% used [0x00000000eab00000,0x00000000fab00000,0x00000000fab00000)
  from space 43520K, 0% used [0x00000000fab00000,0x00000000fab00000,0x00000000fd580000)
  to   space 43520K, 0% used [0x00000000fd580000,0x00000000fd580000,0x0000000100000000)
 ParOldGen       total 699392K, used 36295K [0x00000000c0000000, 0x00000000eab00000, 0x00000000eab00000)
  object space 699392K, 5% used [0x00000000c0000000,0x00000000c2371ca0,0x00000000eab00000)
 Metaspace       used 70121K, capacity 78451K, committed 78592K, reserved 1118208K
  class space    used 9663K, capacity 10143K, committed 10240K, reserved 1048576K
Event: 11.144 GC heap after
Heap after GC invocations=11 (full 5):
 PSYoungGen      total 305664K, used 18780K [0x00000000eab00000, 0x0000000100000000, 0x0000000100000000)
  eden space 262144K, 0% used [0x00000000eab00000,0x00000000eab00000,0x00000000fab00000)
  from space 43520K, 43% used [0x00000000fd580000,0x00000000fe7d7088,0x0000000100000000)
  to   space 43520K, 0% used [0x00000000fab00000,0x00000000fab00000,0x00000000fd580000)
 ParOldGen       total 699392K, used 36303K [0x00000000c0000000, 0x00000000eab00000, 0x00000000eab00000)
  object space 699392K, 5% used [0x00000000c0000000,0x00000000c2373ca0,0x00000000eab00000)
 Metaspace       used 70121K, capacity 78451K, committed 78592K, reserved 1118208K
  class space    used 9663K, capacity 10143K, committed 10240K, reserved 1048576K
}

